Arguments: 
  /Users/quintonwoodmansee/.nvm/versions/node/v10.14.0/bin/node /Users/quintonwoodmansee/.nvm/versions/node/v10.14.0/bin/yarn add @symphony/webpack-encore --dev

PATH: 
  /usr/local/bin:/usr/bin:/bin:/usr/sbin:/sbin:/Users/quintonwoodmansee/.nvm/versions/node/v10.14.0/bin:/Users/quintonwoodmansee/.pyenv/shims:/Users/quintonwoodmansee/.rbenv/shims:~/code/dev-box/bin:~/code/root-infrastructure/bin:/Users/quintonwoodmansee/Library/Python/2.7/bin:/Applications/Visual Studio Code.app/Contents/Resources/app/bin:/Users/quintonwoodmansee/Library/Android/sdk/tools:/Users/quintonwoodmansee/Library/Android/sdk/platform-tools:/Users/quintonwoodmansee/.fzf/bin

Yarn version: 
  1.12.3

Node version: 
  10.14.0

Platform: 
  darwin x64

Trace: 
  Error: https://registry.yarnpkg.com/@symphony%2fwebpack-encore: Not found
      at Request.params.callback [as _callback] (/Users/quintonwoodmansee/.nvm/versions/node/v10.14.0/lib/node_modules/yarn/lib/cli.js:65894:18)
      at Request.self.callback (/Users/quintonwoodmansee/.nvm/versions/node/v10.14.0/lib/node_modules/yarn/lib/cli.js:129018:22)
      at Request.emit (events.js:182:13)
      at Request.<anonymous> (/Users/quintonwoodmansee/.nvm/versions/node/v10.14.0/lib/node_modules/yarn/lib/cli.js:129990:10)
      at Request.emit (events.js:182:13)
      at IncomingMessage.<anonymous> (/Users/quintonwoodmansee/.nvm/versions/node/v10.14.0/lib/node_modules/yarn/lib/cli.js:129912:12)
      at Object.onceWrapper (events.js:273:13)
      at IncomingMessage.emit (events.js:187:15)
      at endReadableNT (_stream_readable.js:1094:12)
      at process._tickCallback (internal/process/next_tick.js:63:19)

npm manifest: 
  No manifest

yarn manifest: 
  No manifest

Lockfile: 
  # THIS IS AN AUTOGENERATED FILE. DO NOT EDIT THIS FILE DIRECTLY.
  # yarn lockfile v1
